<?xml version="1.0" encoding="UTF-8"?>
<!-- Generated by org.testng.reporters.JUnitXMLReporter -->
<testsuite hostname="LAPTOP-BOQFLOCE" name="Kotak Assignment Test" tests="5" failures="2" timestamp="28 Nov 2020 07:54:33 GMT" time="239.985" errors="0">
  <testcase name="validateBrokenImagesTest" time="14.938" classname="com.kotak.testcases.DepositsPageTest"/>
  <testcase name="validateAmountFieldTest" time="24.623" classname="com.kotak.testcases.DepositsPageTest">
    <failure type="java.lang.AssertionError" message="null">
      <![CDATA[java.lang.AssertionError: null
	at com.kotak.pages.DepositsPage.amountFieldValidation(DepositsPage.java:78)
	at com.kotak.testcases.DepositsPageTest.validateAmountFieldTest(DepositsPageTest.java:41)
... Removed 27 stack frames]]>
    </failure>
  </testcase> <!-- validateAmountFieldTest -->
  <testcase name="validateAmountFieldTest" time="46.261" classname="com.kotak.testcases.DepositsPageTest"/>
  <testcase name="validateAmountFieldTest" time="35.701" classname="com.kotak.testcases.DepositsPageTest">
    <failure type="java.lang.AssertionError" message="null">
      <![CDATA[java.lang.AssertionError: null
	at com.kotak.pages.DepositsPage.amountFieldValidation(DepositsPage.java:89)
	at com.kotak.testcases.DepositsPageTest.validateAmountFieldTest(DepositsPageTest.java:41)
... Removed 27 stack frames]]>
    </failure>
  </testcase> <!-- validateAmountFieldTest -->
  <testcase name="validateAmountFieldTest" time="47.647" classname="com.kotak.testcases.DepositsPageTest"/>
</testsuite> <!-- Kotak Assignment Test -->
