<?xml version="1.0" encoding="UTF-8"?>
<testng-results skipped="0" failed="2" total="5" passed="3">
  <reporter-output>
  </reporter-output>
  <suite name="Kotak Assignment Suite" duration-ms="239985" started-at="2020-11-28T07:50:33Z" finished-at="2020-11-28T07:54:33Z">
    <groups>
    </groups>
    <test name="Kotak Assignment Test" duration-ms="239985" started-at="2020-11-28T07:50:33Z" finished-at="2020-11-28T07:54:33Z">
      <class name="com.kotak.testcases.DepositsPageTest">
        <test-method status="PASS" signature="setUp()[pri:0, instance:com.kotak.testcases.DepositsPageTest@3b81a1bc]" name="setUp" is-config="true" duration-ms="16439" started-at="2020-11-28T13:20:33Z" finished-at="2020-11-28T13:20:50Z">
          <reporter-output>
          </reporter-output>
        </test-method> <!-- setUp -->
        <test-method status="PASS" signature="validateBrokenImagesTest()[pri:1, instance:com.kotak.testcases.DepositsPageTest@3b81a1bc]" name="validateBrokenImagesTest" duration-ms="14938" started-at="2020-11-28T13:20:50Z" description="Testscript will identify all broken images in Deposit Page" finished-at="2020-11-28T13:21:05Z">
          <reporter-output>
          </reporter-output>
        </test-method> <!-- validateBrokenImagesTest -->
        <test-method status="PASS" signature="tearDown(org.testng.ITestResult)[pri:0, instance:com.kotak.testcases.DepositsPageTest@3b81a1bc]" name="tearDown" is-config="true" duration-ms="763" started-at="2020-11-28T13:21:05Z" finished-at="2020-11-28T13:21:05Z">
          <params>
            <param index="0">
              <value>
                <![CDATA[[TestResult name=validateBrokenImagesTest status=SUCCESS method=DepositsPageTest.validateBrokenImagesTest()[pri:1, instance:com.kotak.testcases.DepositsPageTest@3b81a1bc] output={null}]]]>
              </value>
            </param>
          </params>
          <reporter-output>
          </reporter-output>
        </test-method> <!-- tearDown -->
        <test-method status="PASS" signature="setUp()[pri:0, instance:com.kotak.testcases.DepositsPageTest@3b81a1bc]" name="setUp" is-config="true" duration-ms="10563" started-at="2020-11-28T13:21:09Z" finished-at="2020-11-28T13:21:19Z">
          <reporter-output>
          </reporter-output>
        </test-method> <!-- setUp -->
        <test-method status="FAIL" signature="validateAmountFieldTest(java.lang.String)[pri:2, instance:com.kotak.testcases.DepositsPageTest@3b81a1bc]" name="validateAmountFieldTest" duration-ms="24623" started-at="2020-11-28T13:21:19Z" description="Testscript will validate amount field" data-provider="amount" finished-at="2020-11-28T13:21:44Z">
          <params>
            <param index="0">
              <value>
                <![CDATA[0.0]]>
              </value>
            </param>
          </params>
          <exception class="java.lang.AssertionError">
            <message>
              <![CDATA[null]]>
            </message>
            <full-stacktrace>
              <![CDATA[java.lang.AssertionError: null
	at org.testng.Assert.fail(Assert.java:94)
	at org.testng.Assert.assertNotEquals(Assert.java:831)
	at org.testng.Assert.assertNotEquals(Assert.java:836)
	at com.kotak.pages.DepositsPage.amountFieldValidation(DepositsPage.java:78)
	at com.kotak.testcases.DepositsPageTest.validateAmountFieldTest(DepositsPageTest.java:41)
	at sun.reflect.NativeMethodAccessorImpl.invoke0(Native Method)
	at sun.reflect.NativeMethodAccessorImpl.invoke(Unknown Source)
	at sun.reflect.DelegatingMethodAccessorImpl.invoke(Unknown Source)
	at java.lang.reflect.Method.invoke(Unknown Source)
	at org.testng.internal.MethodInvocationHelper.invokeMethod(MethodInvocationHelper.java:86)
	at org.testng.internal.Invoker.invokeMethod(Invoker.java:645)
	at org.testng.internal.Invoker.invokeTestMethod(Invoker.java:822)
	at org.testng.internal.Invoker.invokeTestMethods(Invoker.java:1130)
	at org.testng.internal.TestMethodWorker.invokeTestMethods(TestMethodWorker.java:129)
	at org.testng.internal.TestMethodWorker.run(TestMethodWorker.java:112)
	at org.testng.TestRunner.privateRun(TestRunner.java:782)
	at org.testng.TestRunner.run(TestRunner.java:632)
	at org.testng.SuiteRunner.runTest(SuiteRunner.java:366)
	at org.testng.SuiteRunner.runSequentially(SuiteRunner.java:361)
	at org.testng.SuiteRunner.privateRun(SuiteRunner.java:319)
	at org.testng.SuiteRunner.run(SuiteRunner.java:268)
	at org.testng.SuiteRunnerWorker.runSuite(SuiteRunnerWorker.java:52)
	at org.testng.SuiteRunnerWorker.run(SuiteRunnerWorker.java:86)
	at org.testng.TestNG.runSuitesSequentially(TestNG.java:1244)
	at org.testng.TestNG.runSuitesLocally(TestNG.java:1169)
	at org.testng.TestNG.run(TestNG.java:1064)
	at org.testng.remote.RemoteTestNG.run(RemoteTestNG.java:113)
	at org.testng.remote.RemoteTestNG.initAndRun(RemoteTestNG.java:206)
	at org.testng.remote.RemoteTestNG.main(RemoteTestNG.java:177)
]]>
            </full-stacktrace>
          </exception> <!-- java.lang.AssertionError -->
          <reporter-output>
          </reporter-output>
        </test-method> <!-- validateAmountFieldTest -->
        <test-method status="PASS" signature="tearDown(org.testng.ITestResult)[pri:0, instance:com.kotak.testcases.DepositsPageTest@3b81a1bc]" name="tearDown" is-config="true" duration-ms="1550" started-at="2020-11-28T13:21:44Z" finished-at="2020-11-28T13:21:45Z">
          <params>
            <param index="0">
              <value>
                <![CDATA[[TestResult name=validateAmountFieldTest status=FAILURE method=DepositsPageTest.validateAmountFieldTest(java.lang.String)[pri:2, instance:com.kotak.testcases.DepositsPageTest@3b81a1bc] output={null}]]]>
              </value>
            </param>
          </params>
          <reporter-output>
          </reporter-output>
        </test-method> <!-- tearDown -->
        <test-method status="PASS" signature="setUp()[pri:0, instance:com.kotak.testcases.DepositsPageTest@3b81a1bc]" name="setUp" is-config="true" duration-ms="10238" started-at="2020-11-28T13:21:45Z" finished-at="2020-11-28T13:21:56Z">
          <reporter-output>
          </reporter-output>
        </test-method> <!-- setUp -->
        <test-method status="PASS" signature="validateAmountFieldTest(java.lang.String)[pri:2, instance:com.kotak.testcases.DepositsPageTest@3b81a1bc]" name="validateAmountFieldTest" duration-ms="46261" started-at="2020-11-28T13:21:56Z" description="Testscript will validate amount field" data-provider="amount" finished-at="2020-11-28T13:22:42Z">
          <params>
            <param index="0">
              <value>
                <![CDATA[100000.0]]>
              </value>
            </param>
          </params>
          <reporter-output>
          </reporter-output>
        </test-method> <!-- validateAmountFieldTest -->
        <test-method status="PASS" signature="tearDown(org.testng.ITestResult)[pri:0, instance:com.kotak.testcases.DepositsPageTest@3b81a1bc]" name="tearDown" is-config="true" duration-ms="1336" started-at="2020-11-28T13:22:42Z" finished-at="2020-11-28T13:22:43Z">
          <params>
            <param index="0">
              <value>
                <![CDATA[[TestResult name=validateAmountFieldTest status=SUCCESS method=DepositsPageTest.validateAmountFieldTest(java.lang.String)[pri:2, instance:com.kotak.testcases.DepositsPageTest@3b81a1bc] output={null}]]]>
              </value>
            </param>
          </params>
          <reporter-output>
          </reporter-output>
        </test-method> <!-- tearDown -->
        <test-method status="PASS" signature="setUp()[pri:0, instance:com.kotak.testcases.DepositsPageTest@3b81a1bc]" name="setUp" is-config="true" duration-ms="10189" started-at="2020-11-28T13:22:43Z" finished-at="2020-11-28T13:22:53Z">
          <reporter-output>
          </reporter-output>
        </test-method> <!-- setUp -->
        <test-method status="FAIL" signature="validateAmountFieldTest(java.lang.String)[pri:2, instance:com.kotak.testcases.DepositsPageTest@3b81a1bc]" name="validateAmountFieldTest" duration-ms="35701" started-at="2020-11-28T13:22:53Z" description="Testscript will validate amount field" data-provider="amount" finished-at="2020-11-28T13:23:29Z">
          <params>
            <param index="0">
              <value>
                <![CDATA[121245.0]]>
              </value>
            </param>
          </params>
          <exception class="java.lang.AssertionError">
            <message>
              <![CDATA[null]]>
            </message>
            <full-stacktrace>
              <![CDATA[java.lang.AssertionError: null
	at org.testng.Assert.fail(Assert.java:94)
	at org.testng.Assert.assertNotEquals(Assert.java:831)
	at org.testng.Assert.assertNotEquals(Assert.java:836)
	at com.kotak.pages.DepositsPage.amountFieldValidation(DepositsPage.java:89)
	at com.kotak.testcases.DepositsPageTest.validateAmountFieldTest(DepositsPageTest.java:41)
	at sun.reflect.NativeMethodAccessorImpl.invoke0(Native Method)
	at sun.reflect.NativeMethodAccessorImpl.invoke(Unknown Source)
	at sun.reflect.DelegatingMethodAccessorImpl.invoke(Unknown Source)
	at java.lang.reflect.Method.invoke(Unknown Source)
	at org.testng.internal.MethodInvocationHelper.invokeMethod(MethodInvocationHelper.java:86)
	at org.testng.internal.Invoker.invokeMethod(Invoker.java:645)
	at org.testng.internal.Invoker.invokeTestMethod(Invoker.java:822)
	at org.testng.internal.Invoker.invokeTestMethods(Invoker.java:1130)
	at org.testng.internal.TestMethodWorker.invokeTestMethods(TestMethodWorker.java:129)
	at org.testng.internal.TestMethodWorker.run(TestMethodWorker.java:112)
	at org.testng.TestRunner.privateRun(TestRunner.java:782)
	at org.testng.TestRunner.run(TestRunner.java:632)
	at org.testng.SuiteRunner.runTest(SuiteRunner.java:366)
	at org.testng.SuiteRunner.runSequentially(SuiteRunner.java:361)
	at org.testng.SuiteRunner.privateRun(SuiteRunner.java:319)
	at org.testng.SuiteRunner.run(SuiteRunner.java:268)
	at org.testng.SuiteRunnerWorker.runSuite(SuiteRunnerWorker.java:52)
	at org.testng.SuiteRunnerWorker.run(SuiteRunnerWorker.java:86)
	at org.testng.TestNG.runSuitesSequentially(TestNG.java:1244)
	at org.testng.TestNG.runSuitesLocally(TestNG.java:1169)
	at org.testng.TestNG.run(TestNG.java:1064)
	at org.testng.remote.RemoteTestNG.run(RemoteTestNG.java:113)
	at org.testng.remote.RemoteTestNG.initAndRun(RemoteTestNG.java:206)
	at org.testng.remote.RemoteTestNG.main(RemoteTestNG.java:177)
]]>
            </full-stacktrace>
          </exception> <!-- java.lang.AssertionError -->
          <reporter-output>
          </reporter-output>
        </test-method> <!-- validateAmountFieldTest -->
        <test-method status="PASS" signature="tearDown(org.testng.ITestResult)[pri:0, instance:com.kotak.testcases.DepositsPageTest@3b81a1bc]" name="tearDown" is-config="true" duration-ms="1681" started-at="2020-11-28T13:23:29Z" finished-at="2020-11-28T13:23:31Z">
          <params>
            <param index="0">
              <value>
                <![CDATA[[TestResult name=validateAmountFieldTest status=FAILURE method=DepositsPageTest.validateAmountFieldTest(java.lang.String)[pri:2, instance:com.kotak.testcases.DepositsPageTest@3b81a1bc] output={null}]]]>
              </value>
            </param>
          </params>
          <reporter-output>
          </reporter-output>
        </test-method> <!-- tearDown -->
        <test-method status="PASS" signature="setUp()[pri:0, instance:com.kotak.testcases.DepositsPageTest@3b81a1bc]" name="setUp" is-config="true" duration-ms="13394" started-at="2020-11-28T13:23:31Z" finished-at="2020-11-28T13:23:44Z">
          <reporter-output>
          </reporter-output>
        </test-method> <!-- setUp -->
        <test-method status="PASS" signature="validateAmountFieldTest(java.lang.String)[pri:2, instance:com.kotak.testcases.DepositsPageTest@3b81a1bc]" name="validateAmountFieldTest" duration-ms="47647" started-at="2020-11-28T13:23:44Z" description="Testscript will validate amount field" data-provider="amount" finished-at="2020-11-28T13:24:32Z">
          <params>
            <param index="0">
              <value>
                <![CDATA[60000.0]]>
              </value>
            </param>
          </params>
          <reporter-output>
          </reporter-output>
        </test-method> <!-- validateAmountFieldTest -->
        <test-method status="PASS" signature="tearDown(org.testng.ITestResult)[pri:0, instance:com.kotak.testcases.DepositsPageTest@3b81a1bc]" name="tearDown" is-config="true" duration-ms="1412" started-at="2020-11-28T13:24:32Z" finished-at="2020-11-28T13:24:33Z">
          <params>
            <param index="0">
              <value>
                <![CDATA[[TestResult name=validateAmountFieldTest status=SUCCESS method=DepositsPageTest.validateAmountFieldTest(java.lang.String)[pri:2, instance:com.kotak.testcases.DepositsPageTest@3b81a1bc] output={null}]]]>
              </value>
            </param>
          </params>
          <reporter-output>
          </reporter-output>
        </test-method> <!-- tearDown -->
      </class> <!-- com.kotak.testcases.DepositsPageTest -->
    </test> <!-- Kotak Assignment Test -->
  </suite> <!-- Kotak Assignment Suite -->
</testng-results>
